[2026-03-09T06:54:43.967Z] GET /
[2026-03-09T06:54:46.017Z] GET /about
[2026-03-09T06:54:47.726Z] GET /contact
[2026-03-09T06:54:49.033Z] GET /greet?name=John
[2026-03-09T06:54:50.316Z] GET /greet
[2026-03-09T06:55:06.688Z] GET /about
[2026-03-09T06:55:09.035Z] POST /submit
[2026-03-09T06:55:10.169Z] GET /form
[2026-03-09T07:01:32.885Z] GET /
[2026-03-09T07:01:36.549Z] GET /greet?name=John
[2026-03-09T07:01:39.209Z] GET /form
[2026-03-09T07:01:40.606Z] GET /css/style.css
[2026-03-09T07:01:51.139Z] GET /css/style.css
[2026-03-09T07:01:54.472Z] GET /js/form.js
[2026-03-09T07:01:56.260Z] POST /submit
[2026-03-09T07:02:10.775Z] GET /css/style.css
[2026-03-09T07:02:13.880Z] POST /submit
[2026-03-09T07:04:12.843Z] GET /
[2026-03-09T07:04:13.369Z] GET /favicon.ico
[2026-03-09T07:04:23.518Z] GET /home
[2026-03-09T07:04:48.345Z] GET /
[2026-03-09T07:05:11.119Z] GET /home
[2026-03-09T07:05:20.628Z] GET /about
[2026-03-09T07:05:37.940Z] GET /contact
[2026-03-09T07:05:50.095Z] GET /greet
[2026-03-09T07:06:03.252Z] GET /greet?name=hamad
[2026-03-09T07:11:19.249Z] GET /home
[2026-03-09T07:13:33.937Z] GET /about
[2026-03-09T07:13:34.007Z] GET /favicon.ico
[2026-03-09T07:13:41.956Z] GET /contact
[2026-03-09T07:14:50.365Z] GET /public/form.html
[2026-03-09T07:15:19.283Z] GET /
[2026-03-09T07:16:00.200Z] GET /
[2026-03-09T07:16:02.221Z] GET /home
[2026-03-09T07:17:26.845Z] GET /
[2026-03-09T07:17:36.370Z] GET /home
[2026-03-09T07:17:43.771Z] GET /about
[2026-03-09T07:17:52.777Z] GET /contact
[2026-03-09T07:26:54.849Z] GET /
[2026-03-09T07:26:55.160Z] GET /favicon.ico
[2026-03-09T07:29:00.870Z] GET /
[2026-03-09T07:29:01.238Z] GET /favicon.ico
[2026-03-09T07:34:13.817Z] GET /home
[2026-03-09T07:34:13.875Z] GET /
[2026-03-09T07:34:35.068Z] GET /
[2026-03-09T07:34:48.528Z] GET /
[2026-03-09T07:34:48.624Z] GET /favicon.ico
[2026-03-09T07:35:02.999Z] GET /
[2026-03-09T07:35:42.030Z] GET /about
[2026-03-09T07:36:54.575Z] GET /contact
[2026-03-09T07:37:55.928Z] GET /?/greet
[2026-03-09T07:38:06.836Z] GET /?/greet
[2026-03-09T07:38:33.115Z] GET /greet?name=hasnainkhan
[2026-03-09T07:39:16.704Z] GET /greet
[2026-03-09T07:58:36.460Z] GET /
